0 info it worked if it ends with ok
1 verbose cli [ '/Users/reubano/.nvm/versions/v6.2.1/bin/node',
1 verbose cli   '/Users/reubano/.nvm/versions/v6.2.1/bin/npm',
1 verbose cli   'start' ]
2 info using npm@3.9.3
3 info using node@v6.2.1
4 verbose run-script [ 'prestart', 'start', 'poststart' ]
5 info lifecycle reubano@0.4.0~prestart: reubano@0.4.0
6 silly lifecycle reubano@0.4.0~prestart: no script for prestart, continuing
7 info lifecycle reubano@0.4.0~start: reubano@0.4.0
8 verbose lifecycle reubano@0.4.0~start: unsafe-perm in lifecycle true
9 verbose lifecycle reubano@0.4.0~start: PATH: /Users/reubano/.nvm/versions/v6.2.1/lib/node_modules/npm/bin/node-gyp-bin:/Users/reubano/Documents/Projects/static/metalsmith/node_modules/.bin:/Users/reubano/.nvm/versions/v6.2.1/bin:/Users/reubano/.rbenv/shims:/Users/reubano/.nvm/versions/v6.2.1/bin:/Users/reubano/Documents/Projects/bin:/Users/reubano/bin:/Volumes/luciano/DevPlatforms/android-sdk/platform-tools:/Volumes/luciano/DevPlatforms/android-sdk/tools:/Applications/Math/Gnucash.app/Contents/Resources/bin:/usr/local/MacGPG2/bin:/opt/local/lib/postgresql95/bin:/opt/local/lib/postgresql94/bin:/opt/local/bin:/opt/local/sbin:/opt/local/apache2/bin:/opt/local/lib/qt3/bin:/opt/local/libexec/perl5.22/sitebin:/opt/local/libexec/gnubin:/opt/local/Library/Frameworks/Python.framework/Versions/3.5/bin:/opt/local/Library/Frameworks/Python.framework/Versions/3.4/bin:/opt/local/Library/Frameworks/Python.framework/Versions/2.7/bin:/Users/reubano/Library/Python/3.5/bin:/Users/reubano/Library/Python/2.7/bin:/Applications/miniconda/bin:/Library/StartupItems/MySQLCOM:/usr/local/monetdb/bin:/usr/local/mysql/bin:/usr/local/php5/bin:/usr/local/bin:/usr/local/sbin:/usr/local/heroku/bin:/usr/bin:/bin:/usr/sbin:/sbin:/usr/local/bin:/opt/X11/bin:/usr/local/MacGPG2/bin:/usr/texbin
10 verbose lifecycle reubano@0.4.0~start: CWD: /Users/reubano/Documents/Projects/static/metalsmith
11 silly lifecycle reubano@0.4.0~start: Args: [ '-c', 'coffee build.coffee' ]
12 silly lifecycle reubano@0.4.0~start: Returned: code: 1  signal: null
13 info lifecycle reubano@0.4.0~start: Failed to exec start script
14 verbose stack Error: reubano@0.4.0 start: `coffee build.coffee`
14 verbose stack Exit status 1
14 verbose stack     at EventEmitter.<anonymous> (/Users/reubano/.nvm/versions/v6.2.1/lib/node_modules/npm/lib/utils/lifecycle.js:245:16)
14 verbose stack     at emitTwo (events.js:106:13)
14 verbose stack     at EventEmitter.emit (events.js:191:7)
14 verbose stack     at ChildProcess.<anonymous> (/Users/reubano/.nvm/versions/v6.2.1/lib/node_modules/npm/lib/utils/spawn.js:24:14)
14 verbose stack     at emitTwo (events.js:106:13)
14 verbose stack     at ChildProcess.emit (events.js:191:7)
14 verbose stack     at maybeClose (internal/child_process.js:852:16)
14 verbose stack     at Process.ChildProcess._handle.onexit (internal/child_process.js:215:5)
15 verbose pkgid reubano@0.4.0
16 verbose cwd /Users/reubano/Documents/Projects/static/metalsmith
17 error Darwin 13.4.0
18 error argv "/Users/reubano/.nvm/versions/v6.2.1/bin/node" "/Users/reubano/.nvm/versions/v6.2.1/bin/npm" "start"
19 error node v6.2.1
20 error npm  v3.9.3
21 error code ELIFECYCLE
22 error reubano@0.4.0 start: `coffee build.coffee`
22 error Exit status 1
23 error Failed at the reubano@0.4.0 start script 'coffee build.coffee'.
23 error Make sure you have the latest version of node.js and npm installed.
23 error If you do, this is most likely a problem with the reubano package,
23 error not with npm itself.
23 error Tell the author that this fails on your system:
23 error     coffee build.coffee
23 error You can get information on how to open an issue for this project with:
23 error     npm bugs reubano
23 error Or if that isn't available, you can get their info via:
23 error     npm owner ls reubano
23 error There is likely additional logging output above.
24 verbose exit [ 1, true ]
